1476881849920	geckodriver	INFO	Listening on 127.0.0.1:61703
1476881851904	mozprofile::profile	INFO	Using profile path C:\Users\rkhalaf\AppData\Local\Temp\rust_mozprofile.ao9j4pyOxPt9
1476881851931	geckodriver::marionette	INFO	Starting browser C:\Program Files (x86)\Mozilla Firefox\firefox.exe
1476881851972	geckodriver::marionette	INFO	Connecting to Marionette on localhost:61709
1476881852242	addons.manager	DEBUG	Application has been upgraded
1476881852291	addons.manager	DEBUG	Loaded provider scope for resource://gre/modules/addons/XPIProvider.jsm: ["XPIProvider"]
1476881852293	addons.manager	DEBUG	Loaded provider scope for resource://gre/modules/LightweightThemeManager.jsm: ["LightweightThemeManager"]
1476881852297	addons.manager	DEBUG	Loaded provider scope for resource://gre/modules/addons/GMPProvider.jsm
1476881852299	addons.manager	DEBUG	Loaded provider scope for resource://gre/modules/addons/PluginProvider.jsm
1476881852300	addons.manager	DEBUG	Starting provider: XPIProvider
1476881852300	addons.xpi	DEBUG	startup
1476881852301	addons.xpi	INFO	SystemAddonInstallLocation directory is missing
1476881852302	addons.xpi	INFO	Mapping e10srollout@mozilla.org to C:\Program Files (x86)\Mozilla Firefox\browser\features\e10srollout@mozilla.org.xpi
1476881852302	addons.xpi	INFO	Mapping firefox@getpocket.com to C:\Program Files (x86)\Mozilla Firefox\browser\features\firefox@getpocket.com.xpi
1476881852303	addons.xpi	INFO	Mapping webcompat@mozilla.org to C:\Program Files (x86)\Mozilla Firefox\browser\features\webcompat@mozilla.org.xpi
1476881852304	addons.xpi	INFO	Mapping {972ce4c6-7e08-4474-a285-3208198ce6fd} to C:\Program Files (x86)\Mozilla Firefox\browser\extensions\{972ce4c6-7e08-4474-a285-3208198ce6fd}.xpi
1476881852304	addons.xpi	DEBUG	checkForChanges
1476881852305	addons.xpi	DEBUG	Loaded add-on state from prefs: {}
1476881852306	addons.xpi	DEBUG	New add-on e10srollout@mozilla.org in app-system-defaults
1476881852306	addons.xpi	DEBUG	getModTime: Recursive scan of e10srollout@mozilla.org
1476881852307	addons.xpi	DEBUG	New add-on firefox@getpocket.com in app-system-defaults
1476881852307	addons.xpi	DEBUG	getModTime: Recursive scan of firefox@getpocket.com
1476881852307	addons.xpi	DEBUG	New add-on webcompat@mozilla.org in app-system-defaults
1476881852308	addons.xpi	DEBUG	getModTime: Recursive scan of webcompat@mozilla.org
1476881852309	addons.xpi	DEBUG	New add-on {972ce4c6-7e08-4474-a285-3208198ce6fd} in app-global
1476881852309	addons.xpi	DEBUG	getModTime: Recursive scan of {972ce4c6-7e08-4474-a285-3208198ce6fd}
1476881852309	addons.xpi	DEBUG	getInstallState changed: true, state: {"app-system-defaults":{"e10srollout@mozilla.org":{"d":"C:\\Program Files (x86)\\Mozilla Firefox\\browser\\features\\e10srollout@mozilla.org.xpi","st":1474795711013},"firefox@getpocket.com":{"d":"C:\\Program Files (x86)\\Mozilla Firefox\\browser\\features\\firefox@getpocket.com.xpi","st":1474795711010},"webcompat@mozilla.org":{"d":"C:\\Program Files (x86)\\Mozilla Firefox\\browser\\features\\webcompat@mozilla.org.xpi","st":1474795711118}},"app-global":{"{972ce4c6-7e08-4474-a285-3208198ce6fd}":{"d":"C:\\Program Files (x86)\\Mozilla Firefox\\browser\\extensions\\{972ce4c6-7e08-4474-a285-3208198ce6fd}.xpi","st":1474795711016}}}
1476881852319	addons.xpi-utils	DEBUG	Opening XPI database C:\Users\rkhalaf\AppData\Local\Temp\rust_mozprofile.ao9j4pyOxPt9\extensions.json
1476881852320	addons.xpi-utils	DEBUG	New add-on e10srollout@mozilla.org installed in app-system-defaults
*** Blocklist::_loadBlocklistFromFile: blocklist is disabled
1476881852332	DeferredSave.extensions.json	DEBUG	Save changes
1476881852333	addons.xpi-utils	DEBUG	New add-on firefox@getpocket.com installed in app-system-defaults
1476881852340	DeferredSave.extensions.json	DEBUG	Starting timer
1476881852343	DeferredSave.extensions.json	DEBUG	Save changes
1476881852343	addons.xpi-utils	DEBUG	New add-on webcompat@mozilla.org installed in app-system-defaults
1476881852349	DeferredSave.extensions.json	DEBUG	Save changes
1476881852350	addons.xpi-utils	DEBUG	New add-on {972ce4c6-7e08-4474-a285-3208198ce6fd} installed in app-global
1476881852354	DeferredSave.extensions.json	DEBUG	Save changes
1476881852361	addons.xpi	DEBUG	Loading bootstrap scope from C:\Program Files (x86)\Mozilla Firefox\browser\features\e10srollout@mozilla.org.xpi
1476881852374	addons.xpi	DEBUG	Calling bootstrap method install on e10srollout@mozilla.org version 1.2
1476881852375	addons.xpi-utils	DEBUG	Make addon app-system-defaults:e10srollout@mozilla.org visible
1476881852375	DeferredSave.extensions.json	DEBUG	Save changes
1476881852376	addons.xpi	DEBUG	Loading bootstrap scope from C:\Program Files (x86)\Mozilla Firefox\browser\features\firefox@getpocket.com.xpi
1476881852380	addons.xpi	DEBUG	Calling bootstrap method install on firefox@getpocket.com version 1.0.4
1476881852380	addons.xpi-utils	DEBUG	Make addon app-system-defaults:firefox@getpocket.com visible
1476881852380	DeferredSave.extensions.json	DEBUG	Save changes
1476881852381	addons.xpi	DEBUG	Loading bootstrap scope from C:\Program Files (x86)\Mozilla Firefox\browser\features\webcompat@mozilla.org.xpi
1476881852383	addons.xpi	DEBUG	Calling bootstrap method install on webcompat@mozilla.org version 1.0
1476881852383	addons.xpi-utils	DEBUG	Make addon app-system-defaults:webcompat@mozilla.org visible
1476881852383	DeferredSave.extensions.json	DEBUG	Save changes
1476881852383	addons.xpi-utils	DEBUG	Make addon app-global:{972ce4c6-7e08-4474-a285-3208198ce6fd} visible
1476881852384	DeferredSave.extensions.json	DEBUG	Save changes
1476881852384	addons.xpi	DEBUG	Updating XPIState for {"id":"e10srollout@mozilla.org","syncGUID":"jvWpzoMLyBPO","location":"app-system-defaults","version":"1.2","type":"extension","internalName":null,"updateURL":null,"updateKey":null,"optionsURL":null,"optionsType":null,"aboutURL":null,"icons":{},"iconURL":null,"icon64URL":null,"defaultLocale":{"name":"Multi-process staged rollout","description":"Staged rollout of Firefox multi-process feature.","creator":null,"homepageURL":null},"visible":true,"active":true,"userDisabled":false,"appDisabled":false,"descriptor":"C:\\Program Files (x86)\\Mozilla Firefox\\browser\\features\\e10srollout@mozilla.org.xpi","installDate":1474795711013,"updateDate":1474795711013,"applyBackgroundUpdates":1,"bootstrap":true,"skinnable":false,"size":5716,"sourceURI":null,"releaseNotesURI":null,"softDisabled":false,"foreignInstall":false,"hasBinaryComponents":false,"strictCompatibility":false,"locales":[],"targetApplications":[{"id":"{ec8030f7-c20a-464f-9b0e-13a3a9e97384}","minVersion":"49.0.1","maxVersion":"49.*"}],"targetPlatforms":[],"multiprocessCompatible":false,"seen":true}
1476881852384	addons.xpi	DEBUG	getModTime: Recursive scan of e10srollout@mozilla.org
1476881852385	addons.xpi	DEBUG	Updating XPIState for {"id":"firefox@getpocket.com","syncGUID":"CJiVCjpFpthe","location":"app-system-defaults","version":"1.0.4","type":"extension","internalName":null,"updateURL":null,"updateKey":null,"optionsURL":null,"optionsType":null,"aboutURL":null,"icons":{},"iconURL":null,"icon64URL":null,"defaultLocale":{"name":"Pocket","description":"When you find something you want to view later, put it in Pocket.","creator":null,"homepageURL":null},"visible":true,"active":true,"userDisabled":false,"appDisabled":false,"descriptor":"C:\\Program Files (x86)\\Mozilla Firefox\\browser\\features\\firefox@getpocket.com.xpi","installDate":1474795711010,"updateDate":1474795711010,"applyBackgroundUpdates":1,"bootstrap":true,"skinnable":false,"size":895234,"sourceURI":null,"releaseNotesURI":null,"softDisabled":false,"foreignInstall":false,"hasBinaryComponents":false,"strictCompatibility":false,"locales":[],"targetApplications":[{"id":"{ec8030f7-c20a-464f-9b0e-13a3a9e97384}","minVersion":"49.0.1","maxVersion":"49.*"}],"targetPlatforms":[],"multiprocessCompatible":false,"seen":true}
1476881852385	addons.xpi	DEBUG	getModTime: Recursive scan of firefox@getpocket.com
1476881852386	addons.xpi	DEBUG	Updating XPIState for {"id":"webcompat@mozilla.org","syncGUID":"UMEeOIkecpC3","location":"app-system-defaults","version":"1.0","type":"extension","internalName":null,"updateURL":null,"updateKey":null,"optionsURL":null,"optionsType":null,"aboutURL":null,"icons":{},"iconURL":null,"icon64URL":null,"defaultLocale":{"name":"Web Compat","description":"Urgent post-release fixes for web compatibility.","creator":null,"homepageURL":null},"visible":true,"active":true,"userDisabled":false,"appDisabled":false,"descriptor":"C:\\Program Files (x86)\\Mozilla Firefox\\browser\\features\\webcompat@mozilla.org.xpi","installDate":1474795711118,"updateDate":1474795711118,"applyBackgroundUpdates":1,"bootstrap":true,"skinnable":false,"size":1502,"sourceURI":null,"releaseNotesURI":null,"softDisabled":false,"foreignInstall":false,"hasBinaryComponents":false,"strictCompatibility":false,"locales":[],"targetApplications":[{"id":"{ec8030f7-c20a-464f-9b0e-13a3a9e97384}","minVersion":"49.0.1","maxVersion":"49.*"}],"targetPlatforms":[],"multiprocessCompatible":false,"seen":true}
1476881852386	addons.xpi	DEBUG	getModTime: Recursive scan of webcompat@mozilla.org
1476881852386	addons.xpi	DEBUG	Updating XPIState for {"id":"{972ce4c6-7e08-4474-a285-3208198ce6fd}","syncGUID":"WaooJWcRHBXr","location":"app-global","version":"49.0.1","type":"theme","internalName":"classic/1.0","updateURL":null,"updateKey":null,"optionsURL":null,"optionsType":null,"aboutURL":null,"icons":{"32":"icon.png","48":"icon.png"},"iconURL":null,"icon64URL":null,"defaultLocale":{"name":"Default","description":"The default theme.","creator":"Mozilla","homepageURL":null,"contributors":["Mozilla Contributors"]},"visible":true,"active":true,"userDisabled":false,"appDisabled":false,"descriptor":"C:\\Program Files (x86)\\Mozilla Firefox\\browser\\extensions\\{972ce4c6-7e08-4474-a285-3208198ce6fd}.xpi","installDate":1474795711016,"updateDate":1474795711016,"applyBackgroundUpdates":1,"skinnable":true,"size":21905,"sourceURI":null,"releaseNotesURI":null,"softDisabled":false,"foreignInstall":false,"hasBinaryComponents":false,"strictCompatibility":true,"locales":[],"targetApplications":[{"id":"{ec8030f7-c20a-464f-9b0e-13a3a9e97384}","minVersion":"49.0.1","maxVersion":"49.0.1"}],"targetPlatforms":[],"seen":true}
1476881852386	addons.xpi	DEBUG	getModTime: Recursive scan of {972ce4c6-7e08-4474-a285-3208198ce6fd}
1476881852387	DeferredSave.extensions.json	DEBUG	Save changes
1476881852387	addons.xpi	DEBUG	Updating database with changes to installed add-ons
1476881852387	addons.xpi-utils	DEBUG	Updating add-on states
1476881852388	addons.xpi-utils	DEBUG	Writing add-ons list
1476881852395	addons.xpi	DEBUG	Registering manifest for C:\Program Files (x86)\Mozilla Firefox\browser\features\e10srollout@mozilla.org.xpi
1476881852396	addons.xpi	DEBUG	Calling bootstrap method startup on e10srollout@mozilla.org version 1.2
1476881852396	addons.xpi	DEBUG	Registering manifest for C:\Program Files (x86)\Mozilla Firefox\browser\features\firefox@getpocket.com.xpi
1476881852397	addons.xpi	DEBUG	Calling bootstrap method startup on firefox@getpocket.com version 1.0.4
1476881852397	addons.xpi	DEBUG	Registering manifest for C:\Program Files (x86)\Mozilla Firefox\browser\features\webcompat@mozilla.org.xpi
1476881852398	addons.xpi	DEBUG	Calling bootstrap method startup on webcompat@mozilla.org version 1.0
1476881852400	addons.manager	DEBUG	Registering shutdown blocker for XPIProvider
1476881852400	addons.manager	DEBUG	Provider finished startup: XPIProvider
1476881852400	addons.manager	DEBUG	Starting provider: LightweightThemeManager
1476881852400	addons.manager	DEBUG	Registering shutdown blocker for LightweightThemeManager
1476881852400	addons.manager	DEBUG	Provider finished startup: LightweightThemeManager
1476881852401	addons.manager	DEBUG	Starting provider: GMPProvider
1476881852412	addons.manager	DEBUG	Registering shutdown blocker for GMPProvider
1476881852413	addons.manager	DEBUG	Provider finished startup: GMPProvider
1476881852413	addons.manager	DEBUG	Starting provider: PluginProvider
1476881852413	addons.manager	DEBUG	Registering shutdown blocker for PluginProvider
1476881852414	addons.manager	DEBUG	Provider finished startup: PluginProvider
1476881852414	addons.manager	DEBUG	Completed startup sequence
1476881852703	Marionette	INFO	Listening on port 61709
1476881853014	addons.manager	DEBUG	Starting provider: <unnamed-provider>
1476881853014	addons.manager	DEBUG	Registering shutdown blocker for <unnamed-provider>
1476881853014	addons.manager	DEBUG	Provider finished startup: <unnamed-provider>
1476881853044	addons.manager	DEBUG	Starting provider: PreviousExperimentProvider
1476881853044	addons.manager	DEBUG	Registering shutdown blocker for PreviousExperimentProvider
1476881853045	addons.manager	DEBUG	Provider finished startup: PreviousExperimentProvider
1476881853048	DeferredSave.extensions.json	DEBUG	Starting write
1476881853307	DeferredSave.extensions.json	DEBUG	Write succeeded
1476881853307	addons.xpi-utils	DEBUG	XPI Database saved, setting schema version preference to 17
1476881854154	Marionette	INFO	startBrowser 395c80fa-839a-4224-b88b-2ef808ee2997
1476881869954	addons.xpi	DEBUG	Calling bootstrap method shutdown on e10srollout@mozilla.org version 1.2
1476881869954	addons.xpi	DEBUG	Calling bootstrap method shutdown on firefox@getpocket.com version 1.0.4
1476881869955	addons.xpi	DEBUG	Calling bootstrap method shutdown on webcompat@mozilla.org version 1.0
[Child 10680] WARNING: pipe error: 109: file c:/builds/moz2_slave/m-rel-w32-00000000000000000000/build/src/ipc/chromium/src/chrome/common/ipc_channel_win.cc, line 346
[Child 10680] WARNING: pipe error: 109: file c:/builds/moz2_slave/m-rel-w32-00000000000000000000/build/src/ipc/chromium/src/chrome/common/ipc_channel_win.cc, line 346
1476881870129	addons.manager	DEBUG	shutdown
1476881870129	addons.manager	DEBUG	Calling shutdown blocker for XPIProvider
1476881870129	addons.xpi	DEBUG	shutdown
1476881870130	addons.xpi-utils	DEBUG	shutdown
1476881870130	add1476881990885	addons.manager	INFO	Skipping background update check
1476882225545	addons.xpi	DEBUG	Calling bootstrap method shutdown on e10srollout@mozilla.org version 1.2
1476882225545	addons.xpi	DEBUG	Calling bootstrap method shutdown on firefox@getpocket.com version 1.0.4
1476882225547	addons.xpi	DEBUG	Calling bootstrap 1476882226633	addons.xpi	DEBUG	Calling bootstrap method shutdown on e10srollout@mozilla.org version 1.2
1476882226634	addons.xpi	DEBUG	Calling bootstrap method shutdown on firefox@getpocket.com version 1.0.4
1476882226635	addons.xpi	DEBUG	Calling bootstrap method shutdown on webcompat@mozilla.org version 1.0
[Child 8736] WARNING: pipe error: 109: file c:/builds/moz2_slave/m-rel-w32-00000000000000000000/build/src/ipc/chromium/src/chrome/common/ipc_channel_win.cc, line 346
1476882226868	addons.manager	DEBUG	shutdown
1476882226869	addons.manager	DEBUG	Calling shutdown blocker for XPIProvider
1476882226870	addons.xpi	DEBUG	shutdown
1476882226870	addons.xpi-utils	DEBUG	shutdown
1476882226872	addons.manager	DEBUG	Calling shutdown blocker for LightweightThemeManager
1476882226873	addons.manager	DEBUG	Calling shutdown blocker for GMPProvider
1476882226876	addons.manager	DEBUG	Calling shutdown blocker for PluginProvider
1476882226876	addons.manager	DEBUG	Calling shutdown blocker for <unnamed-provider>
1476882226878	addons.manager	DEBUG	Calling shutdown blocker for PreviousExperimentProvider
1476882226882	addons.xpi	DEBUG	Notifying XPI shutdown observers
1476882226886	addons.manager	DEBUG	Async provider shutdown done
backend.js:750:11

console.error: 
  Message: Error: Unknown sheet source
  Stack:
    exports.sheetToUrl@resource://gre/modules/commonjs/toolkit/loader.js -> resource://devtools/server/actors/csscoverage.js:733:9
StyleEditorUI.prototype._sourceLoaded/<.onShow</<@resource://devtools/client/styleeditor/StyleEditorUI.jsm:614:22
TaskImpl.prototype._run@resource://gre/modules/commonjs/toolkit/loader.js -> resource://devtools/shared/task.js:310:39
Handler.prototype.process@resource://gre/modules/Promise.jsm -> resource://gre/modules/Promise-backend.js:937:23
this.PromiseWalker.walkerLoop@resource://gre/modules/Promise.jsm -> resource://gre/modules/Promise-backend.js:816:7
this.PromiseWalker.scheduleWalkerLoop/<@resource://gre/modules/Promise.jsm -> resource://gre/modules/Promise-backend.js:750:11

console.error: 
  Image 'http://executeautomation.com/demosite/images/ui-bg_glass_75_e6e6e6_1x400.png' failed to load.
console.error: 
  Image 'http://executeautomation.com/demosite/images/ui-bg_glass_75_e6e6e6_1x400.png' failed to load.
1476881336155	addons.manager	INFO	Skipping background update check
1476881576168	DeferredSave.extensions.json	DEBUG	Save changes
1476881576169	DeferredSave.extensions.json	DEBUG	Starting timer
1476881576191	DeferredSave.extensions.json	DEBUG	Starting write
1476881576201	DeferredSave.extensions.json	DEBUG	Write succeeded
1476882227825	addons.xpi	DEBUG	Calling bootstrap method shutdown on e10srollout@mozilla.org version 1.2
1476882227826	addons.xpi	DEBUG	Calling bootstrap method shutdown on firefox@getpocket.com version 1.0.4
1476882227826	addons.xpi	DEBUG	Calling bootstrap method shutdown on webcompat@mozilla.org version 1.0
1476882228091	addons.manager	DEBUG	shutdown
1476882228091	addons.manager	DEBUG	Calling shutdown blocker for XPIProvider
1476882228092	addons.xpi	DEBUG	shutdown
1476882228092	addons.xpi-utils	DEBUG	shutdown
1476882228092	addons.manager	DEBUG	Calling shutdown blocker for LightweightThemeManager
1476882228093	addons.manager	DEBUG	Calling shutdown blocker for GMPProvider
1476882228095	addons.manager	DEBUG	Calling shutdown blocker for PluginProvider
1476882228096	addons.manager	DEBUG	Calling shutdown blocker for <unnamed-provider>
1476882228098	addons.manager	DEBUG	Calling shutdown blocker for PreviousExperimentProvider
1476882228101	addons.xpi	DEBUG	Notifying XPI shutdown observers
1476882228105	addons.manager	DEBUG	Async provider shutdown done
